
/home/runner/work/exp-convert-cfgto-cnf-and-gnf-au/exp-convert-cfgto-cnf-and-gnf-au/experiment/simulation/js/main.1d178cef.js
  2:23706   warning  Do not access Object.prototype method 'hasOwnProperty' from target object  no-prototype-builtins
  2:27562   warning  Do not access Object.prototype method 'hasOwnProperty' from target object  no-prototype-builtins
  2:27586   warning  Do not access Object.prototype method 'hasOwnProperty' from target object  no-prototype-builtins
  2:61800   warning  Expected a conditional expression and instead saw an assignment            no-cond-assign
  2:82661   warning  Unexpected combined character in character class                           no-misleading-character-class
  2:84550   warning  Unnecessary escape character: \-                                           no-useless-escape
  2:84632   warning  Do not access Object.prototype method 'hasOwnProperty' from target object  no-prototype-builtins
  2:89170   warning  Expected a conditional expression and instead saw an assignment            no-cond-assign
  2:90160   warning  Empty block statement                                                      no-empty
  2:91365   warning  Do not access Object.prototype method 'hasOwnProperty' from target object  no-prototype-builtins
  2:92825   warning  Do not access Object.prototype method 'hasOwnProperty' from target object  no-prototype-builtins
  2:92866   warning  Do not access Object.prototype method 'hasOwnProperty' from target object  no-prototype-builtins
  2:93031   warning  Do not access Object.prototype method 'hasOwnProperty' from target object  no-prototype-builtins
  2:93058   warning  Do not access Object.prototype method 'hasOwnProperty' from target object  no-prototype-builtins
  2:93646   warning  Do not access Object.prototype method 'hasOwnProperty' from target object  no-prototype-builtins
  2:95280   warning  'MSApp' is not defined                                                     no-undef
  2:95323   warning  'n' is defined but never used                                              no-unused-vars
  2:95325   warning  'r' is defined but never used                                              no-unused-vars
  2:95328   warning  'MSApp' is not defined                                                     no-undef
  2:96293   warning  Do not access Object.prototype method 'hasOwnProperty' from target object  no-prototype-builtins
  2:96386   warning  Do not access Object.prototype method 'hasOwnProperty' from target object  no-prototype-builtins
  2:97593   warning  Expected a conditional expression and instead saw an assignment            no-cond-assign
  2:98615   warning  Expected to return a value in method 'get'                                 getter-return
  2:98752   warning  'r' is defined but never used                                              no-unused-vars
  2:98754   warning  'a' is defined but never used                                              no-unused-vars
  2:98756   warning  'i' is defined but never used                                              no-unused-vars
  2:98758   warning  'o' is defined but never used                                              no-unused-vars
  2:98760   warning  'l' is defined but never used                                              no-unused-vars
  2:98762   warning  's' is defined but never used                                              no-unused-vars
  2:98935   warning  'e' is defined but never used                                              no-unused-vars
  2:98937   warning  't' is defined but never used                                              no-unused-vars
  2:98939   warning  'n' is defined but never used                                              no-unused-vars
  2:98941   warning  'r' is defined but never used                                              no-unused-vars
  2:98943   warning  'a' is defined but never used                                              no-unused-vars
  2:98945   warning  'i' is defined but never used                                              no-unused-vars
  2:98947   warning  'o' is defined but never used                                              no-unused-vars
  2:98949   warning  'l' is defined but never used                                              no-unused-vars
  2:98951   warning  's' is defined but never used                                              no-unused-vars
  2:107830  warning  Do not access Object.prototype method 'hasOwnProperty' from target object  no-prototype-builtins
  2:108150  warning  Invalid typeof comparison value                                            valid-typeof
  2:108324  warning  Invalid typeof comparison value                                            valid-typeof
  2:115128  warning  Expected a conditional expression and instead saw an assignment            no-cond-assign
  2:116346  warning  Do not access Object.prototype method 'hasOwnProperty' from target object  no-prototype-builtins
  2:118846  warning  'e' is defined but never used                                              no-unused-vars
  2:118848  warning  't' is defined but never used                                              no-unused-vars
  2:118850  warning  'n' is defined but never used                                              no-unused-vars
  2:118852  warning  'r' is defined but never used                                              no-unused-vars
  2:118854  warning  'a' is defined but never used                                              no-unused-vars
  2:118856  warning  'o' is defined but never used                                              no-unused-vars
  2:118858  warning  'l' is defined but never used                                              no-unused-vars
  2:118860  warning  's' is defined but never used                                              no-unused-vars
  2:118862  warning  'u' is defined but never used                                              no-unused-vars
  2:120803  warning  Expected a 'break' statement before 'case'                                 no-fallthrough
  2:120990  warning  Expected a 'break' statement before 'case'                                 no-fallthrough
  2:122101  warning  Expected a conditional expression and instead saw an assignment            no-cond-assign
  2:122175  warning  Expected a conditional expression and instead saw an assignment            no-cond-assign
  2:123528  warning  Expected a 'break' statement before 'case'                                 no-fallthrough
  2:125500  warning  Unexpected control character(s) in regular expression: \x00                no-control-regex
  2:127106  warning  Expected a conditional expression and instead saw an assignment            no-cond-assign
  2:127206  warning  Expected a conditional expression and instead saw an assignment            no-cond-assign
  2:134605  warning  Expected a 'break' statement before 'case'                                 no-fallthrough
  2:136572  warning  Expected a conditional expression and instead saw an assignment            no-cond-assign
  2:138023  warning  Expected a conditional expression and instead saw an assignment            no-cond-assign
  2:143855  warning  Expected a conditional expression and instead saw an assignment            no-cond-assign
  2:150466  warning  Empty block statement                                                      no-empty
  2:157653  warning  Expected a conditional expression and instead saw an assignment            no-cond-assign
  2:158783  warning  Expected a conditional expression and instead saw an assignment            no-cond-assign
  2:161540  warning  Expected a conditional expression and instead saw an assignment            no-cond-assign
  2:167155  warning  Do not access Object.prototype method 'hasOwnProperty' from target object  no-prototype-builtins
  2:167435  warning  Do not access Object.prototype method 'hasOwnProperty' from target object  no-prototype-builtins
  2:167880  warning  Unnecessary escape character: \/                                           no-useless-escape
  2:168748  warning  Do not access Object.prototype method 'hasOwnProperty' from target object  no-prototype-builtins
  2:169056  warning  Do not access Object.prototype method 'hasOwnProperty' from target object  no-prototype-builtins
  2:174049  warning  Do not access Object.prototype method 'hasOwnProperty' from target object  no-prototype-builtins
  2:174070  warning  Do not access Object.prototype method 'hasOwnProperty' from target object  no-prototype-builtins
  2:174140  warning  Do not access Object.prototype method 'hasOwnProperty' from target object  no-prototype-builtins
  2:174320  warning  Do not access Object.prototype method 'hasOwnProperty' from target object  no-prototype-builtins
  2:174422  warning  Do not access Object.prototype method 'hasOwnProperty' from target object  no-prototype-builtins
  2:174502  warning  Do not access Object.prototype method 'hasOwnProperty' from target object  no-prototype-builtins
  2:174526  warning  Do not access Object.prototype method 'hasOwnProperty' from target object  no-prototype-builtins
  2:174578  warning  Do not access Object.prototype method 'hasOwnProperty' from target object  no-prototype-builtins
  2:174933  warning  Do not access Object.prototype method 'hasOwnProperty' from target object  no-prototype-builtins
  2:177340  warning  Empty block statement                                                      no-empty
  2:177375  warning  Expected a 'break' statement before 'case'                                 no-fallthrough
  2:181447  warning  Do not access Object.prototype method 'hasOwnProperty' from target object  no-prototype-builtins
  2:181974  warning  Expected a 'break' statement before 'case'                                 no-fallthrough
  2:194480  warning  Empty block statement                                                      no-empty
  2:196182  warning  Empty block statement                                                      no-empty
  2:206661  warning  Expected a conditional expression and instead saw an assignment            no-cond-assign
  2:208406  warning  'Ne' is a function                                                         no-func-assign
  2:208412  warning  'Oe' is a function                                                         no-func-assign
  2:209359  warning  '__REACT_DEVTOOLS_GLOBAL_HOOK__' is not defined                            no-undef
  2:209462  warning  Empty block statement                                                      no-empty
  2:211829  warning  '__REACT_DEVTOOLS_GLOBAL_HOOK__' is not defined                            no-undef
  2:211873  warning  '__REACT_DEVTOOLS_GLOBAL_HOOK__' is not defined                            no-undef
  2:212357  warning  Do not access Object.prototype method 'hasOwnProperty' from target object  no-prototype-builtins
  2:214009  warning  Do not access Object.prototype method 'hasOwnProperty' from target object  no-prototype-builtins
  2:217037  warning  Do not access Object.prototype method 'hasOwnProperty' from target object  no-prototype-builtins
  2:220001  warning  'setImmediate' is not defined                                              no-undef
  2:225596  warning  'c' is assigned a value but never used                                     no-unused-vars
  2:251327  warning  'p' is assigned a value but never used                                     no-unused-vars
  2:262843  warning  't' is defined but never used                                              no-unused-vars
  2:262910  warning  'ft' is assigned a value but never used                                    no-unused-vars
  2:264556  warning  't' is defined but never used                                              no-unused-vars
  2:273573  warning  'd' is assigned a value but never used                                     no-unused-vars
  2:274877  warning  'n' is assigned a value but never used                                     no-unused-vars
  2:274900  warning  'r' is assigned a value but never used                                     no-unused-vars
  2:274924  warning  'a' is assigned a value but never used                                     no-unused-vars

/home/runner/work/exp-convert-cfgto-cnf-and-gnf-au/exp-convert-cfgto-cnf-and-gnf-au/experiment/simulation/js/main.4dc2f30a.js
  2:23706   warning  Do not access Object.prototype method 'hasOwnProperty' from target object  no-prototype-builtins
  2:27562   warning  Do not access Object.prototype method 'hasOwnProperty' from target object  no-prototype-builtins
  2:27586   warning  Do not access Object.prototype method 'hasOwnProperty' from target object  no-prototype-builtins
  2:61800   warning  Expected a conditional expression and instead saw an assignment            no-cond-assign
  2:82661   warning  Unexpected combined character in character class                           no-misleading-character-class
  2:84550   warning  Unnecessary escape character: \-                                           no-useless-escape
  2:84632   warning  Do not access Object.prototype method 'hasOwnProperty' from target object  no-prototype-builtins
  2:89170   warning  Expected a conditional expression and instead saw an assignment            no-cond-assign
  2:90160   warning  Empty block statement                                                      no-empty
  2:91365   warning  Do not access Object.prototype method 'hasOwnProperty' from target object  no-prototype-builtins
  2:92825   warning  Do not access Object.prototype method 'hasOwnProperty' from target object  no-prototype-builtins
  2:92866   warning  Do not access Object.prototype method 'hasOwnProperty' from target object  no-prototype-builtins
  2:93031   warning  Do not access Object.prototype method 'hasOwnProperty' from target object  no-prototype-builtins
  2:93058   warning  Do not access Object.prototype method 'hasOwnProperty' from target object  no-prototype-builtins
  2:93646   warning  Do not access Object.prototype method 'hasOwnProperty' from target object  no-prototype-builtins
  2:95280   warning  'MSApp' is not defined                                                     no-undef
  2:95323   warning  'n' is defined but never used                                              no-unused-vars
  2:95325   warning  'r' is defined but never used                                              no-unused-vars
  2:95328   warning  'MSApp' is not defined                                                     no-undef
  2:96293   warning  Do not access Object.prototype method 'hasOwnProperty' from target object  no-prototype-builtins
  2:96386   warning  Do not access Object.prototype method 'hasOwnProperty' from target object  no-prototype-builtins
  2:97593   warning  Expected a conditional expression and instead saw an assignment            no-cond-assign
  2:98615   warning  Expected to return a value in method 'get'                                 getter-return
  2:98752   warning  'r' is defined but never used                                              no-unused-vars
  2:98754   warning  'i' is defined but never used                                              no-unused-vars
  2:98756   warning  'o' is defined but never used                                              no-unused-vars
  2:98758   warning  'a' is defined but never used                                              no-unused-vars
  2:98760   warning  'l' is defined but never used                                              no-unused-vars
  2:98762   warning  's' is defined but never used                                              no-unused-vars
  2:98935   warning  'e' is defined but never used                                              no-unused-vars
  2:98937   warning  't' is defined but never used                                              no-unused-vars
  2:98939   warning  'n' is defined but never used                                              no-unused-vars
  2:98941   warning  'r' is defined but never used                                              no-unused-vars
  2:98943   warning  'i' is defined but never used                                              no-unused-vars
  2:98945   warning  'o' is defined but never used                                              no-unused-vars
  2:98947   warning  'a' is defined but never used                                              no-unused-vars
  2:98949   warning  'l' is defined but never used                                              no-unused-vars
  2:98951   warning  's' is defined but never used                                              no-unused-vars
  2:107830  warning  Do not access Object.prototype method 'hasOwnProperty' from target object  no-prototype-builtins
  2:108150  warning  Invalid typeof comparison value                                            valid-typeof
  2:108324  warning  Invalid typeof comparison value                                            valid-typeof
  2:115128  warning  Expected a conditional expression and instead saw an assignment            no-cond-assign
  2:116346  warning  Do not access Object.prototype method 'hasOwnProperty' from target object  no-prototype-builtins
  2:118846  warning  'e' is defined but never used                                              no-unused-vars
  2:118848  warning  't' is defined but never used                                              no-unused-vars
  2:118850  warning  'n' is defined but never used                                              no-unused-vars
  2:118852  warning  'r' is defined but never used                                              no-unused-vars
  2:118854  warning  'i' is defined but never used                                              no-unused-vars
  2:118856  warning  'a' is defined but never used                                              no-unused-vars
  2:118858  warning  'l' is defined but never used                                              no-unused-vars
  2:118860  warning  's' is defined but never used                                              no-unused-vars
  2:118862  warning  'u' is defined but never used                                              no-unused-vars
  2:120803  warning  Expected a 'break' statement before 'case'                                 no-fallthrough
  2:120990  warning  Expected a 'break' statement before 'case'                                 no-fallthrough
  2:122101  warning  Expected a conditional expression and instead saw an assignment            no-cond-assign
  2:122175  warning  Expected a conditional expression and instead saw an assignment            no-cond-assign
  2:123528  warning  Expected a 'break' statement before 'case'                                 no-fallthrough
  2:125500  warning  Unexpected control character(s) in regular expression: \x00                no-control-regex
  2:127106  warning  Expected a conditional expression and instead saw an assignment            no-cond-assign
  2:127206  warning  Expected a conditional expression and instead saw an assignment            no-cond-assign
  2:134605  warning  Expected a 'break' statement before 'case'                                 no-fallthrough
  2:136572  warning  Expected a conditional expression and instead saw an assignment            no-cond-assign
  2:138023  warning  Expected a conditional expression and instead saw an assignment            no-cond-assign
  2:143855  warning  Expected a conditional expression and instead saw an assignment            no-cond-assign
  2:150466  warning  Empty block statement                                                      no-empty
  2:157653  warning  Expected a conditional expression and instead saw an assignment            no-cond-assign
  2:158783  warning  Expected a conditional expression and instead saw an assignment            no-cond-assign
  2:161540  warning  Expected a conditional expression and instead saw an assignment            no-cond-assign
  2:167155  warning  Do not access Object.prototype method 'hasOwnProperty' from target object  no-prototype-builtins
  2:167435  warning  Do not access Object.prototype method 'hasOwnProperty' from target object  no-prototype-builtins
  2:167880  warning  Unnecessary escape character: \/                                           no-useless-escape
  2:168748  warning  Do not access Object.prototype method 'hasOwnProperty' from target object  no-prototype-builtins
  2:169056  warning  Do not access Object.prototype method 'hasOwnProperty' from target object  no-prototype-builtins
  2:174049  warning  Do not access Object.prototype method 'hasOwnProperty' from target object  no-prototype-builtins
  2:174070  warning  Do not access Object.prototype method 'hasOwnProperty' from target object  no-prototype-builtins
  2:174140  warning  Do not access Object.prototype method 'hasOwnProperty' from target object  no-prototype-builtins
  2:174320  warning  Do not access Object.prototype method 'hasOwnProperty' from target object  no-prototype-builtins
  2:174422  warning  Do not access Object.prototype method 'hasOwnProperty' from target object  no-prototype-builtins
  2:174502  warning  Do not access Object.prototype method 'hasOwnProperty' from target object  no-prototype-builtins
  2:174526  warning  Do not access Object.prototype method 'hasOwnProperty' from target object  no-prototype-builtins
  2:174578  warning  Do not access Object.prototype method 'hasOwnProperty' from target object  no-prototype-builtins
  2:174933  warning  Do not access Object.prototype method 'hasOwnProperty' from target object  no-prototype-builtins
  2:177340  warning  Empty block statement                                                      no-empty
  2:177375  warning  Expected a 'break' statement before 'case'                                 no-fallthrough
  2:181447  warning  Do not access Object.prototype method 'hasOwnProperty' from target object  no-prototype-builtins
  2:181974  warning  Expected a 'break' statement before 'case'                                 no-fallthrough
  2:194480  warning  Empty block statement                                                      no-empty
  2:196182  warning  Empty block statement                                                      no-empty
  2:206661  warning  Expected a conditional expression and instead saw an assignment            no-cond-assign
  2:208406  warning  'Oe' is a function                                                         no-func-assign
  2:208412  warning  'Pe' is a function                                                         no-func-assign
  2:209359  warning  '__REACT_DEVTOOLS_GLOBAL_HOOK__' is not defined                            no-undef
  2:209462  warning  Empty block statement                                                      no-empty
  2:211829  warning  '__REACT_DEVTOOLS_GLOBAL_HOOK__' is not defined                            no-undef
  2:211873  warning  '__REACT_DEVTOOLS_GLOBAL_HOOK__' is not defined                            no-undef
  2:212033  warning  'o' is assigned a value but never used                                     no-unused-vars
  2:212357  warning  Do not access Object.prototype method 'hasOwnProperty' from target object  no-prototype-builtins
  2:213996  warning  Do not access Object.prototype method 'hasOwnProperty' from target object  no-prototype-builtins
  2:217024  warning  Do not access Object.prototype method 'hasOwnProperty' from target object  no-prototype-builtins
  2:219988  warning  'setImmediate' is not defined                                              no-undef
  2:224990  warning  'e' is defined but never used                                              no-unused-vars
  2:225053  warning  't' is defined but never used                                              no-unused-vars
  2:226181  warning  'c' is assigned a value but never used                                     no-unused-vars
  2:243287  warning  'p' is assigned a value but never used                                     no-unused-vars
  2:254803  warning  't' is defined but never used                                              no-unused-vars
  2:254870  warning  'pt' is assigned a value but never used                                    no-unused-vars
  2:256516  warning  't' is defined but never used                                              no-unused-vars
  2:265811  warning  'n' is assigned a value but never used                                     no-unused-vars
  2:265834  warning  'r' is assigned a value but never used                                     no-unused-vars
  2:265858  warning  'i' is assigned a value but never used                                     no-unused-vars

/home/runner/work/exp-convert-cfgto-cnf-and-gnf-au/exp-convert-cfgto-cnf-and-gnf-au/experiment/simulation/js/main.5c67ef3e.js
  2:23706   warning  Do not access Object.prototype method 'hasOwnProperty' from target object  no-prototype-builtins
  2:27562   warning  Do not access Object.prototype method 'hasOwnProperty' from target object  no-prototype-builtins
  2:27586   warning  Do not access Object.prototype method 'hasOwnProperty' from target object  no-prototype-builtins
  2:61800   warning  Expected a conditional expression and instead saw an assignment            no-cond-assign
  2:82661   warning  Unexpected combined character in character class                           no-misleading-character-class
  2:84550   warning  Unnecessary escape character: \-                                           no-useless-escape
  2:84632   warning  Do not access Object.prototype method 'hasOwnProperty' from target object  no-prototype-builtins
  2:89170   warning  Expected a conditional expression and instead saw an assignment            no-cond-assign
  2:90160   warning  Empty block statement                                                      no-empty
  2:91365   warning  Do not access Object.prototype method 'hasOwnProperty' from target object  no-prototype-builtins
  2:92825   warning  Do not access Object.prototype method 'hasOwnProperty' from target object  no-prototype-builtins
  2:92866   warning  Do not access Object.prototype method 'hasOwnProperty' from target object  no-prototype-builtins
  2:93031   warning  Do not access Object.prototype method 'hasOwnProperty' from target object  no-prototype-builtins
  2:93058   warning  Do not access Object.prototype method 'hasOwnProperty' from target object  no-prototype-builtins
  2:93646   warning  Do not access Object.prototype method 'hasOwnProperty' from target object  no-prototype-builtins
  2:95280   warning  'MSApp' is not defined                                                     no-undef
  2:95323   warning  'n' is defined but never used                                              no-unused-vars
  2:95325   warning  'r' is defined but never used                                              no-unused-vars
  2:95328   warning  'MSApp' is not defined                                                     no-undef
  2:96293   warning  Do not access Object.prototype method 'hasOwnProperty' from target object  no-prototype-builtins
  2:96386   warning  Do not access Object.prototype method 'hasOwnProperty' from target object  no-prototype-builtins
  2:97593   warning  Expected a conditional expression and instead saw an assignment            no-cond-assign
  2:98615   warning  Expected to return a value in method 'get'                                 getter-return
  2:98752   warning  'r' is defined but never used                                              no-unused-vars
  2:98754   warning  'i' is defined but never used                                              no-unused-vars
  2:98756   warning  'o' is defined but never used                                              no-unused-vars
  2:98758   warning  'a' is defined but never used                                              no-unused-vars
  2:98760   warning  'l' is defined but never used                                              no-unused-vars
  2:98762   warning  's' is defined but never used                                              no-unused-vars
  2:98935   warning  'e' is defined but never used                                              no-unused-vars
  2:98937   warning  't' is defined but never used                                              no-unused-vars
  2:98939   warning  'n' is defined but never used                                              no-unused-vars
  2:98941   warning  'r' is defined but never used                                              no-unused-vars
  2:98943   warning  'i' is defined but never used                                              no-unused-vars
  2:98945   warning  'o' is defined but never used                                              no-unused-vars
  2:98947   warning  'a' is defined but never used                                              no-unused-vars
  2:98949   warning  'l' is defined but never used                                              no-unused-vars
  2:98951   warning  's' is defined but never used                                              no-unused-vars
  2:107830  warning  Do not access Object.prototype method 'hasOwnProperty' from target object  no-prototype-builtins
  2:108150  warning  Invalid typeof comparison value                                            valid-typeof
  2:108324  warning  Invalid typeof comparison value                                            valid-typeof
  2:115128  warning  Expected a conditional expression and instead saw an assignment            no-cond-assign
  2:116346  warning  Do not access Object.prototype method 'hasOwnProperty' from target object  no-prototype-builtins
  2:118846  warning  'e' is defined but never used                                              no-unused-vars
  2:118848  warning  't' is defined but never used                                              no-unused-vars
  2:118850  warning  'n' is defined but never used                                              no-unused-vars
  2:118852  warning  'r' is defined but never used                                              no-unused-vars
  2:118854  warning  'i' is defined but never used                                              no-unused-vars
  2:118856  warning  'a' is defined but never used                                              no-unused-vars
  2:118858  warning  'l' is defined but never used                                              no-unused-vars
  2:118860  warning  's' is defined but never used                                              no-unused-vars
  2:118862  warning  'u' is defined but never used                                              no-unused-vars
  2:120803  warning  Expected a 'break' statement before 'case'                                 no-fallthrough
  2:120990  warning  Expected a 'break' statement before 'case'                                 no-fallthrough
  2:122101  warning  Expected a conditional expression and instead saw an assignment            no-cond-assign
  2:122175  warning  Expected a conditional expression and instead saw an assignment            no-cond-assign
  2:123528  warning  Expected a 'break' statement before 'case'                                 no-fallthrough
  2:125500  warning  Unexpected control character(s) in regular expression: \x00                no-control-regex
  2:127106  warning  Expected a conditional expression and instead saw an assignment            no-cond-assign
  2:127206  warning  Expected a conditional expression and instead saw an assignment            no-cond-assign
  2:134605  warning  Expected a 'break' statement before 'case'                                 no-fallthrough
  2:136572  warning  Expected a conditional expression and instead saw an assignment            no-cond-assign
  2:138023  warning  Expected a conditional expression and instead saw an assignment            no-cond-assign
  2:143855  warning  Expected a conditional expression and instead saw an assignment            no-cond-assign
  2:150466  warning  Empty block statement                                                      no-empty
  2:157653  warning  Expected a conditional expression and instead saw an assignment            no-cond-assign
  2:158783  warning  Expected a conditional expression and instead saw an assignment            no-cond-assign
  2:161540  warning  Expected a conditional expression and instead saw an assignment            no-cond-assign
  2:167155  warning  Do not access Object.prototype method 'hasOwnProperty' from target object  no-prototype-builtins
  2:167435  warning  Do not access Object.prototype method 'hasOwnProperty' from target object  no-prototype-builtins
  2:167880  warning  Unnecessary escape character: \/                                           no-useless-escape
  2:168748  warning  Do not access Object.prototype method 'hasOwnProperty' from target object  no-prototype-builtins
  2:169056  warning  Do not access Object.prototype method 'hasOwnProperty' from target object  no-prototype-builtins
  2:174049  warning  Do not access Object.prototype method 'hasOwnProperty' from target object  no-prototype-builtins
  2:174070  warning  Do not access Object.prototype method 'hasOwnProperty' from target object  no-prototype-builtins
  2:174140  warning  Do not access Object.prototype method 'hasOwnProperty' from target object  no-prototype-builtins
  2:174320  warning  Do not access Object.prototype method 'hasOwnProperty' from target object  no-prototype-builtins
  2:174422  warning  Do not access Object.prototype method 'hasOwnProperty' from target object  no-prototype-builtins
  2:174502  warning  Do not access Object.prototype method 'hasOwnProperty' from target object  no-prototype-builtins
  2:174526  warning  Do not access Object.prototype method 'hasOwnProperty' from target object  no-prototype-builtins
  2:174578  warning  Do not access Object.prototype method 'hasOwnProperty' from target object  no-prototype-builtins
  2:174933  warning  Do not access Object.prototype method 'hasOwnProperty' from target object  no-prototype-builtins
  2:177340  warning  Empty block statement                                                      no-empty
  2:177375  warning  Expected a 'break' statement before 'case'                                 no-fallthrough
  2:181447  warning  Do not access Object.prototype method 'hasOwnProperty' from target object  no-prototype-builtins
  2:181974  warning  Expected a 'break' statement before 'case'                                 no-fallthrough
  2:194480  warning  Empty block statement                                                      no-empty
  2:196182  warning  Empty block statement                                                      no-empty
  2:206661  warning  Expected a conditional expression and instead saw an assignment            no-cond-assign
  2:208406  warning  'Oe' is a function                                                         no-func-assign
  2:208412  warning  'Pe' is a function                                                         no-func-assign
  2:209359  warning  '__REACT_DEVTOOLS_GLOBAL_HOOK__' is not defined                            no-undef
  2:209462  warning  Empty block statement                                                      no-empty
  2:211829  warning  '__REACT_DEVTOOLS_GLOBAL_HOOK__' is not defined                            no-undef
  2:211873  warning  '__REACT_DEVTOOLS_GLOBAL_HOOK__' is not defined                            no-undef
  2:212033  warning  'o' is assigned a value but never used                                     no-unused-vars
  2:212357  warning  Do not access Object.prototype method 'hasOwnProperty' from target object  no-prototype-builtins
  2:213996  warning  Do not access Object.prototype method 'hasOwnProperty' from target object  no-prototype-builtins
  2:217024  warning  Do not access Object.prototype method 'hasOwnProperty' from target object  no-prototype-builtins
  2:219988  warning  'setImmediate' is not defined                                              no-undef
  2:224990  warning  'e' is defined but never used                                              no-unused-vars
  2:225053  warning  't' is defined but never used                                              no-unused-vars
  2:226181  warning  'c' is assigned a value but never used                                     no-unused-vars
  2:243287  warning  'p' is assigned a value but never used                                     no-unused-vars
  2:254803  warning  't' is defined but never used                                              no-unused-vars
  2:254870  warning  'pt' is assigned a value but never used                                    no-unused-vars
  2:256516  warning  't' is defined but never used                                              no-unused-vars
  2:265811  warning  'n' is assigned a value but never used                                     no-unused-vars
  2:265834  warning  'r' is assigned a value but never used                                     no-unused-vars
  2:265858  warning  'i' is assigned a value but never used                                     no-unused-vars

/home/runner/work/exp-convert-cfgto-cnf-and-gnf-au/exp-convert-cfgto-cnf-and-gnf-au/experiment/simulation/js/main.ae897bc4.js
  2:23706   warning  Do not access Object.prototype method 'hasOwnProperty' from target object  no-prototype-builtins
  2:27562   warning  Do not access Object.prototype method 'hasOwnProperty' from target object  no-prototype-builtins
  2:27586   warning  Do not access Object.prototype method 'hasOwnProperty' from target object  no-prototype-builtins
  2:61800   warning  Expected a conditional expression and instead saw an assignment            no-cond-assign
  2:82661   warning  Unexpected combined character in character class                           no-misleading-character-class
  2:84550   warning  Unnecessary escape character: \-                                           no-useless-escape
  2:84632   warning  Do not access Object.prototype method 'hasOwnProperty' from target object  no-prototype-builtins
  2:89170   warning  Expected a conditional expression and instead saw an assignment            no-cond-assign
  2:90160   warning  Empty block statement                                                      no-empty
  2:91365   warning  Do not access Object.prototype method 'hasOwnProperty' from target object  no-prototype-builtins
  2:92825   warning  Do not access Object.prototype method 'hasOwnProperty' from target object  no-prototype-builtins
  2:92866   warning  Do not access Object.prototype method 'hasOwnProperty' from target object  no-prototype-builtins
  2:93031   warning  Do not access Object.prototype method 'hasOwnProperty' from target object  no-prototype-builtins
  2:93058   warning  Do not access Object.prototype method 'hasOwnProperty' from target object  no-prototype-builtins
  2:93646   warning  Do not access Object.prototype method 'hasOwnProperty' from target object  no-prototype-builtins
  2:95280   warning  'MSApp' is not defined                                                     no-undef
  2:95323   warning  'n' is defined but never used                                              no-unused-vars
  2:95325   warning  'r' is defined but never used                                              no-unused-vars
  2:95328   warning  'MSApp' is not defined                                                     no-undef
  2:96293   warning  Do not access Object.prototype method 'hasOwnProperty' from target object  no-prototype-builtins
  2:96386   warning  Do not access Object.prototype method 'hasOwnProperty' from target object  no-prototype-builtins
  2:97593   warning  Expected a conditional expression and instead saw an assignment            no-cond-assign
  2:98615   warning  Expected to return a value in method 'get'                                 getter-return
  2:98752   warning  'r' is defined but never used                                              no-unused-vars
  2:98754   warning  'o' is defined but never used                                              no-unused-vars
  2:98756   warning  'a' is defined but never used                                              no-unused-vars
  2:98758   warning  'i' is defined but never used                                              no-unused-vars
  2:98760   warning  'l' is defined but never used                                              no-unused-vars
  2:98762   warning  's' is defined but never used                                              no-unused-vars
  2:98935   warning  'e' is defined but never used                                              no-unused-vars
  2:98937   warning  't' is defined but never used                                              no-unused-vars
  2:98939   warning  'n' is defined but never used                                              no-unused-vars
  2:98941   warning  'r' is defined but never used                                              no-unused-vars
  2:98943   warning  'o' is defined but never used                                              no-unused-vars
  2:98945   warning  'a' is defined but never used                                              no-unused-vars
  2:98947   warning  'i' is defined but never used                                              no-unused-vars
  2:98949   warning  'l' is defined but never used                                              no-unused-vars
  2:98951   warning  's' is defined but never used                                              no-unused-vars
  2:107830  warning  Do not access Object.prototype method 'hasOwnProperty' from target object  no-prototype-builtins
  2:108150  warning  Invalid typeof comparison value                                            valid-typeof
  2:108324  warning  Invalid typeof comparison value                                            valid-typeof
  2:115128  warning  Expected a conditional expression and instead saw an assignment            no-cond-assign
  2:116346  warning  Do not access Object.prototype method 'hasOwnProperty' from target object  no-prototype-builtins
  2:118846  warning  'e' is defined but never used                                              no-unused-vars
  2:118848  warning  't' is defined but never used                                              no-unused-vars
  2:118850  warning  'n' is defined but never used                                              no-unused-vars
  2:118852  warning  'r' is defined but never used                                              no-unused-vars
  2:118854  warning  'o' is defined but never used                                              no-unused-vars
  2:118856  warning  'i' is defined but never used                                              no-unused-vars
  2:118858  warning  'l' is defined but never used                                              no-unused-vars
  2:118860  warning  's' is defined but never used                                              no-unused-vars
  2:118862  warning  'u' is defined but never used                                              no-unused-vars
  2:120803  warning  Expected a 'break' statement before 'case'                                 no-fallthrough
  2:120990  warning  Expected a 'break' statement before 'case'                                 no-fallthrough
  2:122101  warning  Expected a conditional expression and instead saw an assignment            no-cond-assign
  2:122175  warning  Expected a conditional expression and instead saw an assignment            no-cond-assign
  2:123528  warning  Expected a 'break' statement before 'case'                                 no-fallthrough
  2:125500  warning  Unexpected control character(s) in regular expression: \x00                no-control-regex
  2:127106  warning  Expected a conditional expression and instead saw an assignment            no-cond-assign
  2:127206  warning  Expected a conditional expression and instead saw an assignment            no-cond-assign
  2:134605  warning  Expected a 'break' statement before 'case'                                 no-fallthrough
  2:136572  warning  Expected a conditional expression and instead saw an assignment            no-cond-assign
  2:138023  warning  Expected a conditional expression and instead saw an assignment            no-cond-assign
  2:143855  warning  Expected a conditional expression and instead saw an assignment            no-cond-assign
  2:150466  warning  Empty block statement                                                      no-empty
  2:157653  warning  Expected a conditional expression and instead saw an assignment            no-cond-assign
  2:158783  warning  Expected a conditional expression and instead saw an assignment            no-cond-assign
  2:161540  warning  Expected a conditional expression and instead saw an assignment            no-cond-assign
  2:167155  warning  Do not access Object.prototype method 'hasOwnProperty' from target object  no-prototype-builtins
  2:167435  warning  Do not access Object.prototype method 'hasOwnProperty' from target object  no-prototype-builtins
  2:167880  warning  Unnecessary escape character: \/                                           no-useless-escape
  2:168748  warning  Do not access Object.prototype method 'hasOwnProperty' from target object  no-prototype-builtins
  2:169056  warning  Do not access Object.prototype method 'hasOwnProperty' from target object  no-prototype-builtins
  2:174049  warning  Do not access Object.prototype method 'hasOwnProperty' from target object  no-prototype-builtins
  2:174070  warning  Do not access Object.prototype method 'hasOwnProperty' from target object  no-prototype-builtins
  2:174140  warning  Do not access Object.prototype method 'hasOwnProperty' from target object  no-prototype-builtins
  2:174320  warning  Do not access Object.prototype method 'hasOwnProperty' from target object  no-prototype-builtins
  2:174422  warning  Do not access Object.prototype method 'hasOwnProperty' from target object  no-prototype-builtins
  2:174502  warning  Do not access Object.prototype method 'hasOwnProperty' from target object  no-prototype-builtins
  2:174526  warning  Do not access Object.prototype method 'hasOwnProperty' from target object  no-prototype-builtins
  2:174578  warning  Do not access Object.prototype method 'hasOwnProperty' from target object  no-prototype-builtins
  2:174933  warning  Do not access Object.prototype method 'hasOwnProperty' from target object  no-prototype-builtins
  2:177340  warning  Empty block statement                                                      no-empty
  2:177375  warning  Expected a 'break' statement before 'case'                                 no-fallthrough
  2:181447  warning  Do not access Object.prototype method 'hasOwnProperty' from target object  no-prototype-builtins
  2:181974  warning  Expected a 'break' statement before 'case'                                 no-fallthrough
  2:194480  warning  Empty block statement                                                      no-empty
  2:196182  warning  Empty block statement                                                      no-empty
  2:206661  warning  Expected a conditional expression and instead saw an assignment            no-cond-assign
  2:208406  warning  'Te' is a function                                                         no-func-assign
  2:208412  warning  'Oe' is a function                                                         no-func-assign
  2:209359  warning  '__REACT_DEVTOOLS_GLOBAL_HOOK__' is not defined                            no-undef
  2:209462  warning  Empty block statement                                                      no-empty
  2:211829  warning  '__REACT_DEVTOOLS_GLOBAL_HOOK__' is not defined                            no-undef
  2:211873  warning  '__REACT_DEVTOOLS_GLOBAL_HOOK__' is not defined                            no-undef
  2:212357  warning  Do not access Object.prototype method 'hasOwnProperty' from target object  no-prototype-builtins
  2:214009  warning  Do not access Object.prototype method 'hasOwnProperty' from target object  no-prototype-builtins
  2:217037  warning  Do not access Object.prototype method 'hasOwnProperty' from target object  no-prototype-builtins
  2:220001  warning  'setImmediate' is not defined                                              no-undef
  2:225571  warning  'c' is assigned a value but never used                                     no-unused-vars
  2:229024  warning  'P' is a function                                                          no-func-assign
  2:246823  warning  'u' is assigned a value but never used                                     no-unused-vars
  2:280254  warning  'p' is assigned a value but never used                                     no-unused-vars
  2:291770  warning  't' is defined but never used                                              no-unused-vars
  2:291837  warning  'kt' is assigned a value but never used                                    no-unused-vars
  2:295654  warning  'n' is assigned a value but never used                                     no-unused-vars
  2:295677  warning  'r' is assigned a value but never used                                     no-unused-vars
  2:295701  warning  'o' is assigned a value but never used                                     no-unused-vars

✖ 436 problems (0 errors, 436 warnings)

